{"name": "To check the functionality of Complete Page", "status": "broken", "statusDetails": {"message": "selenium.common.exceptions.NoSuchElementException: Message: no such element: Unable to locate element: {\"method\":\"xpath\",\"selector\":\"//a[text()='Create your quiz']\"}\n  (Session info: chrome=94.0.4606.81)\nStacktrace:\nBacktrace:\n\tOrdinal0 [0x0093BDE3+2473443]\n\tOrdinal0 [0x008D6661+2057825]\n\tOrdinal0 [0x007E2438+1057848]\n\tOrdinal0 [0x0080C7DB+1230811]\n\tOrdinal0 [0x00836712+1402642]\n\tOrdinal0 [0x0082571A+1333018]\n\tOrdinal0 [0x00834ABF+1395391]\n\tOrdinal0 [0x008255AB+1332651]\n\tOrdinal0 [0x00802104+1188100]\n\tOrdinal0 [0x00802F59+1191769]\n\tGetHandleVerifier [0x00AC2266+1549718]\n\tGetHandleVerifier [0x00B6D4A7+2250711]\n\tGetHandleVerifier [0x009C718B+521403]\n\tGetHandleVerifier [0x009C6229+517465]\n\tOrdinal0 [0x008DB79D+2078621]\n\tOrdinal0 [0x008DFB58+2095960]\n\tOrdinal0 [0x008DFC92+2096274]\n\tOrdinal0 [0x008E9541+2135361]\n\tBaseThreadInitThunk [0x7606FA29+25]\n\tRtlGetAppContainerNamedObjectPath [0x77C87A7E+286]\n\tRtlGetAppContainerNamedObjectPath [0x77C87A4E+238]\n\n", "trace": "  File \"C:\\Python39\\lib\\site-packages\\behave\\model.py\", line 1329, in run\n    match.run(runner.context)\n  File \"C:\\Python39\\lib\\site-packages\\behave\\matchers.py\", line 98, in run\n    self.func(context, *args, **kwargs)\n  File \"Feature\\steps\\StepDefination.py\", line 287, in step_impl\n    Creat_button = context.driver2.find_element_by_xpath(\"//a[text()='Create your quiz']\")\n  File \"C:\\Python39\\lib\\site-packages\\selenium\\webdriver\\remote\\webdriver.py\", line 514, in find_element_by_xpath\n    return self.find_element(by=By.XPATH, value=xpath)\n  File \"C:\\Python39\\lib\\site-packages\\selenium\\webdriver\\remote\\webdriver.py\", line 1238, in find_element\n    return self.execute(Command.FIND_ELEMENT, {\n  File \"C:\\Python39\\lib\\site-packages\\selenium\\webdriver\\remote\\webdriver.py\", line 418, in execute\n    self.error_handler.check_response(response)\n  File \"C:\\Python39\\lib\\site-packages\\selenium\\webdriver\\remote\\errorhandler.py\", line 243, in check_response\n    raise exception_class(message, screen, stacktrace)\n"}, "steps": [{"name": "When User Friend Click On Create Your Quiz Button", "status": "broken", "statusDetails": {"message": "selenium.common.exceptions.NoSuchElementException: Message: no such element: Unable to locate element: {\"method\":\"xpath\",\"selector\":\"//a[text()='Create your quiz']\"}\n  (Session info: chrome=94.0.4606.81)\nStacktrace:\nBacktrace:\n\tOrdinal0 [0x0093BDE3+2473443]\n\tOrdinal0 [0x008D6661+2057825]\n\tOrdinal0 [0x007E2438+1057848]\n\tOrdinal0 [0x0080C7DB+1230811]\n\tOrdinal0 [0x00836712+1402642]\n\tOrdinal0 [0x0082571A+1333018]\n\tOrdinal0 [0x00834ABF+1395391]\n\tOrdinal0 [0x008255AB+1332651]\n\tOrdinal0 [0x00802104+1188100]\n\tOrdinal0 [0x00802F59+1191769]\n\tGetHandleVerifier [0x00AC2266+1549718]\n\tGetHandleVerifier [0x00B6D4A7+2250711]\n\tGetHandleVerifier [0x009C718B+521403]\n\tGetHandleVerifier [0x009C6229+517465]\n\tOrdinal0 [0x008DB79D+2078621]\n\tOrdinal0 [0x008DFB58+2095960]\n\tOrdinal0 [0x008DFC92+2096274]\n\tOrdinal0 [0x008E9541+2135361]\n\tBaseThreadInitThunk [0x7606FA29+25]\n\tRtlGetAppContainerNamedObjectPath [0x77C87A7E+286]\n\tRtlGetAppContainerNamedObjectPath [0x77C87A4E+238]\n\n", "trace": "  File \"C:\\Python39\\lib\\site-packages\\behave\\model.py\", line 1329, in run\n    match.run(runner.context)\n  File \"C:\\Python39\\lib\\site-packages\\behave\\matchers.py\", line 98, in run\n    self.func(context, *args, **kwargs)\n  File \"Feature\\steps\\StepDefination.py\", line 287, in step_impl\n    Creat_button = context.driver2.find_element_by_xpath(\"//a[text()='Create your quiz']\")\n  File \"C:\\Python39\\lib\\site-packages\\selenium\\webdriver\\remote\\webdriver.py\", line 514, in find_element_by_xpath\n    return self.find_element(by=By.XPATH, value=xpath)\n  File \"C:\\Python39\\lib\\site-packages\\selenium\\webdriver\\remote\\webdriver.py\", line 1238, in find_element\n    return self.execute(Command.FIND_ELEMENT, {\n  File \"C:\\Python39\\lib\\site-packages\\selenium\\webdriver\\remote\\webdriver.py\", line 418, in execute\n    self.error_handler.check_response(response)\n  File \"C:\\Python39\\lib\\site-packages\\selenium\\webdriver\\remote\\errorhandler.py\", line 243, in check_response\n    raise exception_class(message, screen, stacktrace)\n"}, "start": 1634723372552, "stop": 1634723382612}, {"name": "Then User Friend Become User And Navigate To Home Page", "status": "skipped", "start": 1634723382613, "stop": 1634723382613}], "start": 1634723372550, "stop": 1634723382613, "uuid": "0ac784e0-6a5e-4030-acdb-93e582ac749b", "historyId": "d597327387c5dfc69ddbe90bf85a099a", "fullName": "Wowdare User Side End to End Functionality: To check the functionality of Complete Page", "labels": [{"name": "severity", "value": "normal"}, {"name": "tag", "value": "Complete_page"}, {"name": "feature", "value": "Wowdare User Side End to End Functionality"}, {"name": "framework", "value": "behave"}, {"name": "language", "value": "cpython3"}]}