{"name": "To Check the functionality of Accept_Page With Valid & Invalid Data.", "status": "broken", "statusDetails": {"message": "selenium.common.exceptions.NoSuchElementException: Message: Unable to locate element: [name=\"name\"]\nStacktrace:\nWebDriverError@chrome://remote/content/shared/webdriver/Errors.jsm:181:5\nNoSuchElementError@chrome://remote/content/shared/webdriver/Errors.jsm:393:5\nelement.find/</<@chrome://remote/content/marionette/element.js:305:16\n\n", "trace": "  File \"C:\\Python39\\lib\\site-packages\\behave\\model.py\", line 1329, in run\n    match.run(runner.context)\n  File \"C:\\Python39\\lib\\site-packages\\behave\\matchers.py\", line 98, in run\n    self.func(context, *args, **kwargs)\n  File \"Feature\\steps\\StepDefination.py\", line 174, in step_impl\n    context.driver2.find_element_by_name('name').send_keys('Test@mail')\n  File \"C:\\Python39\\lib\\site-packages\\selenium\\webdriver\\remote\\webdriver.py\", line 658, in find_element_by_name\n    return self.find_element(by=By.NAME, value=name)\n  File \"C:\\Python39\\lib\\site-packages\\selenium\\webdriver\\remote\\webdriver.py\", line 1238, in find_element\n    return self.execute(Command.FIND_ELEMENT, {\n  File \"C:\\Python39\\lib\\site-packages\\selenium\\webdriver\\remote\\webdriver.py\", line 418, in execute\n    self.error_handler.check_response(response)\n  File \"C:\\Python39\\lib\\site-packages\\selenium\\webdriver\\remote\\errorhandler.py\", line 243, in check_response\n    raise exception_class(message, screen, stacktrace)\n"}, "steps": [{"name": "Given User Friend open Browser, Enter Url, Navigate To Log_in Page", "status": "passed", "start": 1634630410494, "stop": 1634630442685}, {"name": "When User Friend Enter Username With Invalid Data", "status": "broken", "statusDetails": {"message": "selenium.common.exceptions.NoSuchElementException: Message: Unable to locate element: [name=\"name\"]\nStacktrace:\nWebDriverError@chrome://remote/content/shared/webdriver/Errors.jsm:181:5\nNoSuchElementError@chrome://remote/content/shared/webdriver/Errors.jsm:393:5\nelement.find/</<@chrome://remote/content/marionette/element.js:305:16\n\n", "trace": "  File \"C:\\Python39\\lib\\site-packages\\behave\\model.py\", line 1329, in run\n    match.run(runner.context)\n  File \"C:\\Python39\\lib\\site-packages\\behave\\matchers.py\", line 98, in run\n    self.func(context, *args, **kwargs)\n  File \"Feature\\steps\\StepDefination.py\", line 174, in step_impl\n    context.driver2.find_element_by_name('name').send_keys('Test@mail')\n  File \"C:\\Python39\\lib\\site-packages\\selenium\\webdriver\\remote\\webdriver.py\", line 658, in find_element_by_name\n    return self.find_element(by=By.NAME, value=name)\n  File \"C:\\Python39\\lib\\site-packages\\selenium\\webdriver\\remote\\webdriver.py\", line 1238, in find_element\n    return self.execute(Command.FIND_ELEMENT, {\n  File \"C:\\Python39\\lib\\site-packages\\selenium\\webdriver\\remote\\webdriver.py\", line 418, in execute\n    self.error_handler.check_response(response)\n  File \"C:\\Python39\\lib\\site-packages\\selenium\\webdriver\\remote\\errorhandler.py\", line 243, in check_response\n    raise exception_class(message, screen, stacktrace)\n"}, "start": 1634630442686, "stop": 1634630453037}, {"name": "And User Friend Click On start Button", "status": "skipped", "start": 1634630453039, "stop": 1634630453039}, {"name": "And User Friend Validate onesignal pop-up functionality With click on Later Button", "status": "skipped", "start": 1634630453039, "stop": 1634630453039}, {"name": "And User Friend Enter Username With Valid Data", "status": "skipped", "start": 1634630453039, "stop": 1634630453039}, {"name": "And User Friend Click on Start Buttons", "status": "skipped", "start": 1634630453039, "stop": 1634630453039}, {"name": "Then User Friend Should be Navigate to Answer Page  Successfully", "status": "skipped", "start": 1634630453039, "stop": 1634630453039}], "start": 1634630410492, "stop": 1634630453039, "uuid": "d131da31-e778-42e3-bbb5-e6d1d6953e5e", "historyId": "03c917ac6824ab0c8e6cc20d4dd5291a", "fullName": "Wowdare User Side End to End Functionality: To Check the functionality of Accept_Page With Valid & Invalid Data.", "labels": [{"name": "severity", "value": "normal"}, {"name": "tag", "value": "Accept_Page"}, {"name": "feature", "value": "Wowdare User Side End to End Functionality"}, {"name": "framework", "value": "behave"}, {"name": "language", "value": "cpython3"}]}