{"name": "To check the functionality of Question_Page Skip Button And  Navigate To Share Page", "status": "broken", "statusDetails": {"message": "selenium.common.exceptions.NoSuchElementException: Message: no such element: Unable to locate element: {\"method\":\"css selector\",\"selector\":\".skip\"}\n  (Session info: chrome=94.0.4606.81)\nStacktrace:\nBacktrace:\n\tOrdinal0 [0x00A5BDE3+2473443]\n\tOrdinal0 [0x009F6661+2057825]\n\tOrdinal0 [0x00902438+1057848]\n\tOrdinal0 [0x0092C7DB+1230811]\n\tOrdinal0 [0x00956712+1402642]\n\tOrdinal0 [0x0094571A+1333018]\n\tOrdinal0 [0x00954ABF+1395391]\n\tOrdinal0 [0x009455AB+1332651]\n\tOrdinal0 [0x00922104+1188100]\n\tOrdinal0 [0x00922F59+1191769]\n\tGetHandleVerifier [0x00BE2266+1549718]\n\tGetHandleVerifier [0x00C8D4A7+2250711]\n\tGetHandleVerifier [0x00AE718B+521403]\n\tGetHandleVerifier [0x00AE6229+517465]\n\tOrdinal0 [0x009FB79D+2078621]\n\tOrdinal0 [0x009FFB58+2095960]\n\tOrdinal0 [0x009FFC92+2096274]\n\tOrdinal0 [0x00A09541+2135361]\n\tBaseThreadInitThunk [0x75CCFA29+25]\n\tRtlGetAppContainerNamedObjectPath [0x77607A7E+286]\n\tRtlGetAppContainerNamedObjectPath [0x77607A4E+238]\n\n", "trace": "  File \"C:\\Python39\\lib\\site-packages\\behave\\model.py\", line 1329, in run\n    match.run(runner.context)\n  File \"C:\\Python39\\lib\\site-packages\\behave\\matchers.py\", line 98, in run\n    self.func(context, *args, **kwargs)\n  File \"Feature\\steps\\StepDefination.py\", line 126, in step_impl\n    skip = context.driver.find_element_by_class_name('skip').click()\n  File \"C:\\Python39\\lib\\site-packages\\selenium\\webdriver\\remote\\webdriver.py\", line 754, in find_element_by_class_name\n    return self.find_element(by=By.CLASS_NAME, value=name)\n  File \"C:\\Python39\\lib\\site-packages\\selenium\\webdriver\\remote\\webdriver.py\", line 1238, in find_element\n    return self.execute(Command.FIND_ELEMENT, {\n  File \"C:\\Python39\\lib\\site-packages\\selenium\\webdriver\\remote\\webdriver.py\", line 418, in execute\n    self.error_handler.check_response(response)\n  File \"C:\\Python39\\lib\\site-packages\\selenium\\webdriver\\remote\\errorhandler.py\", line 243, in check_response\n    raise exception_class(message, screen, stacktrace)\n"}, "steps": [{"name": "Given Validate Skip Button functionality", "status": "broken", "statusDetails": {"message": "selenium.common.exceptions.NoSuchElementException: Message: no such element: Unable to locate element: {\"method\":\"css selector\",\"selector\":\".skip\"}\n  (Session info: chrome=94.0.4606.81)\nStacktrace:\nBacktrace:\n\tOrdinal0 [0x00A5BDE3+2473443]\n\tOrdinal0 [0x009F6661+2057825]\n\tOrdinal0 [0x00902438+1057848]\n\tOrdinal0 [0x0092C7DB+1230811]\n\tOrdinal0 [0x00956712+1402642]\n\tOrdinal0 [0x0094571A+1333018]\n\tOrdinal0 [0x00954ABF+1395391]\n\tOrdinal0 [0x009455AB+1332651]\n\tOrdinal0 [0x00922104+1188100]\n\tOrdinal0 [0x00922F59+1191769]\n\tGetHandleVerifier [0x00BE2266+1549718]\n\tGetHandleVerifier [0x00C8D4A7+2250711]\n\tGetHandleVerifier [0x00AE718B+521403]\n\tGetHandleVerifier [0x00AE6229+517465]\n\tOrdinal0 [0x009FB79D+2078621]\n\tOrdinal0 [0x009FFB58+2095960]\n\tOrdinal0 [0x009FFC92+2096274]\n\tOrdinal0 [0x00A09541+2135361]\n\tBaseThreadInitThunk [0x75CCFA29+25]\n\tRtlGetAppContainerNamedObjectPath [0x77607A7E+286]\n\tRtlGetAppContainerNamedObjectPath [0x77607A4E+238]\n\n", "trace": "  File \"C:\\Python39\\lib\\site-packages\\behave\\model.py\", line 1329, in run\n    match.run(runner.context)\n  File \"C:\\Python39\\lib\\site-packages\\behave\\matchers.py\", line 98, in run\n    self.func(context, *args, **kwargs)\n  File \"Feature\\steps\\StepDefination.py\", line 126, in step_impl\n    skip = context.driver.find_element_by_class_name('skip').click()\n  File \"C:\\Python39\\lib\\site-packages\\selenium\\webdriver\\remote\\webdriver.py\", line 754, in find_element_by_class_name\n    return self.find_element(by=By.CLASS_NAME, value=name)\n  File \"C:\\Python39\\lib\\site-packages\\selenium\\webdriver\\remote\\webdriver.py\", line 1238, in find_element\n    return self.execute(Command.FIND_ELEMENT, {\n  File \"C:\\Python39\\lib\\site-packages\\selenium\\webdriver\\remote\\webdriver.py\", line 418, in execute\n    self.error_handler.check_response(response)\n  File \"C:\\Python39\\lib\\site-packages\\selenium\\webdriver\\remote\\errorhandler.py\", line 243, in check_response\n    raise exception_class(message, screen, stacktrace)\n"}, "start": 1634795050977, "stop": 1634795050994}, {"name": "When Click On Q15", "status": "skipped", "start": 1634795050996, "stop": 1634795050996}, {"name": "Then User Should be Navigate to Share Page  Successfully", "status": "skipped", "start": 1634795050996, "stop": 1634795050996}], "start": 1634795050975, "stop": 1634795050996, "uuid": "6f697d44-b2db-4990-96e6-05717288ea91", "historyId": "e0ba952a7f8d270e4aba136f453e3d71", "fullName": "Wowdare User Side End to End Functionality: To check the functionality of Question_Page Skip Button And  Navigate To Share Page", "labels": [{"name": "severity", "value": "normal"}, {"name": "tag", "value": "question_Page"}, {"name": "feature", "value": "Wowdare User Side End to End Functionality"}, {"name": "framework", "value": "behave"}, {"name": "language", "value": "cpython3"}]}