{"name": "To Check the functionality of Accept_Page With Valid & Invalid Data.", "status": "broken", "statusDetails": {"message": "selenium.common.exceptions.NoSuchElementException: Message: no such element: Unable to locate element: {\"method\":\"css selector\",\"selector\":\"[name='name']\"}\n  (Session info: chrome=94.0.4606.81)\nStacktrace:\nBacktrace:\n\tOrdinal0 [0x00A6BDE3+2473443]\n\tOrdinal0 [0x00A06661+2057825]\n\tOrdinal0 [0x00912438+1057848]\n\tOrdinal0 [0x0093C7DB+1230811]\n\tOrdinal0 [0x00966712+1402642]\n\tOrdinal0 [0x0095571A+1333018]\n\tOrdinal0 [0x00964ABF+1395391]\n\tOrdinal0 [0x009555AB+1332651]\n\tOrdinal0 [0x00932104+1188100]\n\tOrdinal0 [0x00932F59+1191769]\n\tGetHandleVerifier [0x00BF2266+1549718]\n\tGetHandleVerifier [0x00C9D4A7+2250711]\n\tGetHandleVerifier [0x00AF718B+521403]\n\tGetHandleVerifier [0x00AF6229+517465]\n\tOrdinal0 [0x00A0B79D+2078621]\n\tOrdinal0 [0x00A0FB58+2095960]\n\tOrdinal0 [0x00A0FC92+2096274]\n\tOrdinal0 [0x00A19541+2135361]\n\tBaseThreadInitThunk [0x75CCFA29+25]\n\tRtlGetAppContainerNamedObjectPath [0x77607A7E+286]\n\tRtlGetAppContainerNamedObjectPath [0x77607A4E+238]\n\n", "trace": "  File \"C:\\Python39\\lib\\site-packages\\behave\\model.py\", line 1329, in run\n    match.run(runner.context)\n  File \"C:\\Python39\\lib\\site-packages\\behave\\matchers.py\", line 98, in run\n    self.func(context, *args, **kwargs)\n  File \"Feature\\steps\\StepDefination.py\", line 184, in step_impl\n    context.driver2.find_element(By.CSS_SELECTOR,\"[name='name']\").send_keys('Test@mail')\n  File \"C:\\Python39\\lib\\site-packages\\selenium\\webdriver\\remote\\webdriver.py\", line 1238, in find_element\n    return self.execute(Command.FIND_ELEMENT, {\n  File \"C:\\Python39\\lib\\site-packages\\selenium\\webdriver\\remote\\webdriver.py\", line 418, in execute\n    self.error_handler.check_response(response)\n  File \"C:\\Python39\\lib\\site-packages\\selenium\\webdriver\\remote\\errorhandler.py\", line 243, in check_response\n    raise exception_class(message, screen, stacktrace)\n"}, "steps": [{"name": "Given User Friend open Browser, Enter Url, Navigate To Log_in Page", "status": "passed", "start": 1634793890283, "stop": 1634793896650}, {"name": "When User Friend Enter Username With Invalid Data", "status": "broken", "statusDetails": {"message": "selenium.common.exceptions.NoSuchElementException: Message: no such element: Unable to locate element: {\"method\":\"css selector\",\"selector\":\"[name='name']\"}\n  (Session info: chrome=94.0.4606.81)\nStacktrace:\nBacktrace:\n\tOrdinal0 [0x00A6BDE3+2473443]\n\tOrdinal0 [0x00A06661+2057825]\n\tOrdinal0 [0x00912438+1057848]\n\tOrdinal0 [0x0093C7DB+1230811]\n\tOrdinal0 [0x00966712+1402642]\n\tOrdinal0 [0x0095571A+1333018]\n\tOrdinal0 [0x00964ABF+1395391]\n\tOrdinal0 [0x009555AB+1332651]\n\tOrdinal0 [0x00932104+1188100]\n\tOrdinal0 [0x00932F59+1191769]\n\tGetHandleVerifier [0x00BF2266+1549718]\n\tGetHandleVerifier [0x00C9D4A7+2250711]\n\tGetHandleVerifier [0x00AF718B+521403]\n\tGetHandleVerifier [0x00AF6229+517465]\n\tOrdinal0 [0x00A0B79D+2078621]\n\tOrdinal0 [0x00A0FB58+2095960]\n\tOrdinal0 [0x00A0FC92+2096274]\n\tOrdinal0 [0x00A19541+2135361]\n\tBaseThreadInitThunk [0x75CCFA29+25]\n\tRtlGetAppContainerNamedObjectPath [0x77607A7E+286]\n\tRtlGetAppContainerNamedObjectPath [0x77607A4E+238]\n\n", "trace": "  File \"C:\\Python39\\lib\\site-packages\\behave\\model.py\", line 1329, in run\n    match.run(runner.context)\n  File \"C:\\Python39\\lib\\site-packages\\behave\\matchers.py\", line 98, in run\n    self.func(context, *args, **kwargs)\n  File \"Feature\\steps\\StepDefination.py\", line 184, in step_impl\n    context.driver2.find_element(By.CSS_SELECTOR,\"[name='name']\").send_keys('Test@mail')\n  File \"C:\\Python39\\lib\\site-packages\\selenium\\webdriver\\remote\\webdriver.py\", line 1238, in find_element\n    return self.execute(Command.FIND_ELEMENT, {\n  File \"C:\\Python39\\lib\\site-packages\\selenium\\webdriver\\remote\\webdriver.py\", line 418, in execute\n    self.error_handler.check_response(response)\n  File \"C:\\Python39\\lib\\site-packages\\selenium\\webdriver\\remote\\errorhandler.py\", line 243, in check_response\n    raise exception_class(message, screen, stacktrace)\n"}, "start": 1634793896651, "stop": 1634793906956}, {"name": "And User Friend Click On start Button", "status": "skipped", "start": 1634793906957, "stop": 1634793906957}, {"name": "And User Friend Validate onesignal pop-up functionality With click on Later Button", "status": "skipped", "start": 1634793906957, "stop": 1634793906957}, {"name": "And User Friend Enter Username With Valid Data", "status": "skipped", "start": 1634793906957, "stop": 1634793906957}, {"name": "And User Friend Click on Start Buttons", "status": "skipped", "start": 1634793906957, "stop": 1634793906957}, {"name": "Then User Friend Should be Navigate to Answer Page  Successfully", "status": "skipped", "start": 1634793906957, "stop": 1634793906958}], "start": 1634793890281, "stop": 1634793906958, "uuid": "329f8055-c50b-4b7e-9e38-a7e831795ab3", "historyId": "03c917ac6824ab0c8e6cc20d4dd5291a", "fullName": "Wowdare User Side End to End Functionality: To Check the functionality of Accept_Page With Valid & Invalid Data.", "labels": [{"name": "severity", "value": "normal"}, {"name": "tag", "value": "Accept_Page"}, {"name": "feature", "value": "Wowdare User Side End to End Functionality"}, {"name": "framework", "value": "behave"}, {"name": "language", "value": "cpython3"}]}