{"name": "To check the functionality of View Page", "status": "broken", "statusDetails": {"message": "selenium.common.exceptions.NoSuchElementException: Message: no such element: Unable to locate element: {\"method\":\"xpath\",\"selector\":\"//a[text()='Back']\"}\n  (Session info: chrome=94.0.4606.81)\nStacktrace:\nBacktrace:\n\tOrdinal0 [0x00A5BDE3+2473443]\n\tOrdinal0 [0x009F6661+2057825]\n\tOrdinal0 [0x00902438+1057848]\n\tOrdinal0 [0x0092C7DB+1230811]\n\tOrdinal0 [0x00956712+1402642]\n\tOrdinal0 [0x0094571A+1333018]\n\tOrdinal0 [0x00954ABF+1395391]\n\tOrdinal0 [0x009455AB+1332651]\n\tOrdinal0 [0x00922104+1188100]\n\tOrdinal0 [0x00922F59+1191769]\n\tGetHandleVerifier [0x00BE2266+1549718]\n\tGetHandleVerifier [0x00C8D4A7+2250711]\n\tGetHandleVerifier [0x00AE718B+521403]\n\tGetHandleVerifier [0x00AE6229+517465]\n\tOrdinal0 [0x009FB79D+2078621]\n\tOrdinal0 [0x009FFB58+2095960]\n\tOrdinal0 [0x009FFC92+2096274]\n\tOrdinal0 [0x00A09541+2135361]\n\tBaseThreadInitThunk [0x75CCFA29+25]\n\tRtlGetAppContainerNamedObjectPath [0x77607A7E+286]\n\tRtlGetAppContainerNamedObjectPath [0x77607A4E+238]\n\n", "trace": "  File \"C:\\Python39\\lib\\site-packages\\behave\\model.py\", line 1329, in run\n    match.run(runner.context)\n  File \"C:\\Python39\\lib\\site-packages\\behave\\matchers.py\", line 98, in run\n    self.func(context, *args, **kwargs)\n  File \"Feature\\steps\\StepDefination.py\", line 324, in step_impl\n    back = context.driver.find_element_by_xpath(\"//a[text()='Back']\")\n  File \"C:\\Python39\\lib\\site-packages\\selenium\\webdriver\\remote\\webdriver.py\", line 514, in find_element_by_xpath\n    return self.find_element(by=By.XPATH, value=xpath)\n  File \"C:\\Python39\\lib\\site-packages\\selenium\\webdriver\\remote\\webdriver.py\", line 1238, in find_element\n    return self.execute(Command.FIND_ELEMENT, {\n  File \"C:\\Python39\\lib\\site-packages\\selenium\\webdriver\\remote\\webdriver.py\", line 418, in execute\n    self.error_handler.check_response(response)\n  File \"C:\\Python39\\lib\\site-packages\\selenium\\webdriver\\remote\\errorhandler.py\", line 243, in check_response\n    raise exception_class(message, screen, stacktrace)\n"}, "steps": [{"name": "When User Click On Back_Button And Should Be Navigate To Share Page", "status": "broken", "statusDetails": {"message": "selenium.common.exceptions.NoSuchElementException: Message: no such element: Unable to locate element: {\"method\":\"xpath\",\"selector\":\"//a[text()='Back']\"}\n  (Session info: chrome=94.0.4606.81)\nStacktrace:\nBacktrace:\n\tOrdinal0 [0x00A5BDE3+2473443]\n\tOrdinal0 [0x009F6661+2057825]\n\tOrdinal0 [0x00902438+1057848]\n\tOrdinal0 [0x0092C7DB+1230811]\n\tOrdinal0 [0x00956712+1402642]\n\tOrdinal0 [0x0094571A+1333018]\n\tOrdinal0 [0x00954ABF+1395391]\n\tOrdinal0 [0x009455AB+1332651]\n\tOrdinal0 [0x00922104+1188100]\n\tOrdinal0 [0x00922F59+1191769]\n\tGetHandleVerifier [0x00BE2266+1549718]\n\tGetHandleVerifier [0x00C8D4A7+2250711]\n\tGetHandleVerifier [0x00AE718B+521403]\n\tGetHandleVerifier [0x00AE6229+517465]\n\tOrdinal0 [0x009FB79D+2078621]\n\tOrdinal0 [0x009FFB58+2095960]\n\tOrdinal0 [0x009FFC92+2096274]\n\tOrdinal0 [0x00A09541+2135361]\n\tBaseThreadInitThunk [0x75CCFA29+25]\n\tRtlGetAppContainerNamedObjectPath [0x77607A7E+286]\n\tRtlGetAppContainerNamedObjectPath [0x77607A4E+238]\n\n", "trace": "  File \"C:\\Python39\\lib\\site-packages\\behave\\model.py\", line 1329, in run\n    match.run(runner.context)\n  File \"C:\\Python39\\lib\\site-packages\\behave\\matchers.py\", line 98, in run\n    self.func(context, *args, **kwargs)\n  File \"Feature\\steps\\StepDefination.py\", line 324, in step_impl\n    back = context.driver.find_element_by_xpath(\"//a[text()='Back']\")\n  File \"C:\\Python39\\lib\\site-packages\\selenium\\webdriver\\remote\\webdriver.py\", line 514, in find_element_by_xpath\n    return self.find_element(by=By.XPATH, value=xpath)\n  File \"C:\\Python39\\lib\\site-packages\\selenium\\webdriver\\remote\\webdriver.py\", line 1238, in find_element\n    return self.execute(Command.FIND_ELEMENT, {\n  File \"C:\\Python39\\lib\\site-packages\\selenium\\webdriver\\remote\\webdriver.py\", line 418, in execute\n    self.error_handler.check_response(response)\n  File \"C:\\Python39\\lib\\site-packages\\selenium\\webdriver\\remote\\errorhandler.py\", line 243, in check_response\n    raise exception_class(message, screen, stacktrace)\n"}, "start": 1634795180960, "stop": 1634795180978}, {"name": "And Again User Click On View_Button And Navigate To View Page", "status": "skipped", "start": 1634795180980, "stop": 1634795180980}, {"name": "And Click On View_page Delete Button", "status": "skipped", "start": 1634795180980, "stop": 1634795180980}, {"name": "Then A Delete Pop_Up Should Be Open With Yes Or No Button Click On No Button", "status": "skipped", "start": 1634795180980, "stop": 1634795180980}, {"name": "Then Click On Yes Button", "status": "skipped", "start": 1634795180980, "stop": 1634795180980}, {"name": "Then Particular User Friend Entire Data Should Be Deleted And User Should Be Navigate To Share_page", "status": "skipped", "start": 1634795180980, "stop": 1634795180980}], "start": 1634795180958, "stop": 1634795180980, "uuid": "8fc2a0b2-f864-40a7-a07d-6f5a13d935a2", "historyId": "f5c244475c2a6c76cf4172d99f08c42b", "fullName": "Wowdare User Side End to End Functionality: To check the functionality of View Page", "labels": [{"name": "severity", "value": "normal"}, {"name": "tag", "value": "View_page"}, {"name": "feature", "value": "Wowdare User Side End to End Functionality"}, {"name": "framework", "value": "behave"}, {"name": "language", "value": "cpython3"}]}