{"name": "To check the functionality of Question_Page Skip Button And  Navigate To Share Page", "status": "broken", "statusDetails": {"message": "selenium.common.exceptions.ElementClickInterceptedException: Message: element click intercepted: Element <a href=\"#\" class=\"skip\">...</a> is not clickable at point (817, 126). Other element would receive the click: <button class=\"align-right primary slidedown-button\" id=\"onesignal-slidedown-allow-button\">...</button>\n  (Session info: chrome=94.0.4606.81)\nStacktrace:\nBacktrace:\n\tOrdinal0 [0x0097BDE3+2473443]\n\tOrdinal0 [0x00916661+2057825]\n\tOrdinal0 [0x00822438+1057848]\n\tOrdinal0 [0x008527B9+1255353]\n\tOrdinal0 [0x00850AE0+1247968]\n\tOrdinal0 [0x0084E8AD+1239213]\n\tOrdinal0 [0x0084D701+1234689]\n\tOrdinal0 [0x00843567+1193319]\n\tOrdinal0 [0x008656E3+1332963]\n\tOrdinal0 [0x00843386+1192838]\n\tOrdinal0 [0x008657CA+1333194]\n\tOrdinal0 [0x00874ABF+1395391]\n\tOrdinal0 [0x008655AB+1332651]\n\tOrdinal0 [0x00842104+1188100]\n\tOrdinal0 [0x00842F59+1191769]\n\tGetHandleVerifier [0x00B02266+1549718]\n\tGetHandleVerifier [0x00BAD4A7+2250711]\n\tGetHandleVerifier [0x00A0718B+521403]\n\tGetHandleVerifier [0x00A06229+517465]\n\tOrdinal0 [0x0091B79D+2078621]\n\tOrdinal0 [0x0091FB58+2095960]\n\tOrdinal0 [0x0091FC92+2096274]\n\tOrdinal0 [0x00929541+2135361]\n\tBaseThreadInitThunk [0x76BEFA29+25]\n\tRtlGetAppContainerNamedObjectPath [0x77607A7E+286]\n\tRtlGetAppContainerNamedObjectPath [0x77607A4E+238]\n\n", "trace": "  File \"C:\\Python39\\lib\\site-packages\\behave\\model.py\", line 1329, in run\n    match.run(runner.context)\n  File \"C:\\Python39\\lib\\site-packages\\behave\\matchers.py\", line 98, in run\n    self.func(context, *args, **kwargs)\n  File \"Feature\\steps\\StepDefination.py\", line 126, in step_impl\n    skip = context.driver.find_element_by_class_name('skip').click()\n  File \"C:\\Python39\\lib\\site-packages\\selenium\\webdriver\\remote\\webelement.py\", line 80, in click\n    self._execute(Command.CLICK_ELEMENT)\n  File \"C:\\Python39\\lib\\site-packages\\selenium\\webdriver\\remote\\webelement.py\", line 693, in _execute\n    return self._parent.execute(command, params)\n  File \"C:\\Python39\\lib\\site-packages\\selenium\\webdriver\\remote\\webdriver.py\", line 418, in execute\n    self.error_handler.check_response(response)\n  File \"C:\\Python39\\lib\\site-packages\\selenium\\webdriver\\remote\\errorhandler.py\", line 243, in check_response\n    raise exception_class(message, screen, stacktrace)\n"}, "steps": [{"name": "Given Validate Skip Button functionality", "status": "broken", "statusDetails": {"message": "selenium.common.exceptions.ElementClickInterceptedException: Message: element click intercepted: Element <a href=\"#\" class=\"skip\">...</a> is not clickable at point (817, 126). Other element would receive the click: <button class=\"align-right primary slidedown-button\" id=\"onesignal-slidedown-allow-button\">...</button>\n  (Session info: chrome=94.0.4606.81)\nStacktrace:\nBacktrace:\n\tOrdinal0 [0x0097BDE3+2473443]\n\tOrdinal0 [0x00916661+2057825]\n\tOrdinal0 [0x00822438+1057848]\n\tOrdinal0 [0x008527B9+1255353]\n\tOrdinal0 [0x00850AE0+1247968]\n\tOrdinal0 [0x0084E8AD+1239213]\n\tOrdinal0 [0x0084D701+1234689]\n\tOrdinal0 [0x00843567+1193319]\n\tOrdinal0 [0x008656E3+1332963]\n\tOrdinal0 [0x00843386+1192838]\n\tOrdinal0 [0x008657CA+1333194]\n\tOrdinal0 [0x00874ABF+1395391]\n\tOrdinal0 [0x008655AB+1332651]\n\tOrdinal0 [0x00842104+1188100]\n\tOrdinal0 [0x00842F59+1191769]\n\tGetHandleVerifier [0x00B02266+1549718]\n\tGetHandleVerifier [0x00BAD4A7+2250711]\n\tGetHandleVerifier [0x00A0718B+521403]\n\tGetHandleVerifier [0x00A06229+517465]\n\tOrdinal0 [0x0091B79D+2078621]\n\tOrdinal0 [0x0091FB58+2095960]\n\tOrdinal0 [0x0091FC92+2096274]\n\tOrdinal0 [0x00929541+2135361]\n\tBaseThreadInitThunk [0x76BEFA29+25]\n\tRtlGetAppContainerNamedObjectPath [0x77607A7E+286]\n\tRtlGetAppContainerNamedObjectPath [0x77607A4E+238]\n\n", "trace": "  File \"C:\\Python39\\lib\\site-packages\\behave\\model.py\", line 1329, in run\n    match.run(runner.context)\n  File \"C:\\Python39\\lib\\site-packages\\behave\\matchers.py\", line 98, in run\n    self.func(context, *args, **kwargs)\n  File \"Feature\\steps\\StepDefination.py\", line 126, in step_impl\n    skip = context.driver.find_element_by_class_name('skip').click()\n  File \"C:\\Python39\\lib\\site-packages\\selenium\\webdriver\\remote\\webelement.py\", line 80, in click\n    self._execute(Command.CLICK_ELEMENT)\n  File \"C:\\Python39\\lib\\site-packages\\selenium\\webdriver\\remote\\webelement.py\", line 693, in _execute\n    return self._parent.execute(command, params)\n  File \"C:\\Python39\\lib\\site-packages\\selenium\\webdriver\\remote\\webdriver.py\", line 418, in execute\n    self.error_handler.check_response(response)\n  File \"C:\\Python39\\lib\\site-packages\\selenium\\webdriver\\remote\\errorhandler.py\", line 243, in check_response\n    raise exception_class(message, screen, stacktrace)\n"}, "start": 1634630190469, "stop": 1634630195434}, {"name": "When Click On Q15", "status": "skipped", "start": 1634630195435, "stop": 1634630195435}, {"name": "Then User Should be Navigate to Share Page  Successfully", "status": "skipped", "start": 1634630195435, "stop": 1634630195435}], "start": 1634630190465, "stop": 1634630195435, "uuid": "c21bc7da-bc1c-403d-81ec-d1526d0b22f8", "historyId": "e0ba952a7f8d270e4aba136f453e3d71", "fullName": "Wowdare User Side End to End Functionality: To check the functionality of Question_Page Skip Button And  Navigate To Share Page", "labels": [{"name": "severity", "value": "normal"}, {"name": "tag", "value": "question_Page"}, {"name": "feature", "value": "Wowdare User Side End to End Functionality"}, {"name": "framework", "value": "behave"}, {"name": "language", "value": "cpython3"}]}