{"name": "To check the functionality of View Page", "status": "broken", "statusDetails": {"message": "selenium.common.exceptions.NoSuchWindowException: Message: no such window: target window already closed\nfrom unknown error: web view not found\n  (Session info: chrome=94.0.4606.81)\nStacktrace:\nBacktrace:\n\tOrdinal0 [0x008CBDE3+2473443]\n\tOrdinal0 [0x00866661+2057825]\n\tOrdinal0 [0x00772438+1057848]\n\tOrdinal0 [0x0075BD36+965942]\n\tOrdinal0 [0x007B79F9+1341945]\n\tOrdinal0 [0x007C4242+1393218]\n\tOrdinal0 [0x007B55AB+1332651]\n\tOrdinal0 [0x00792104+1188100]\n\tOrdinal0 [0x00792F59+1191769]\n\tGetHandleVerifier [0x00A52266+1549718]\n\tGetHandleVerifier [0x00AFD4A7+2250711]\n\tGetHandleVerifier [0x0095718B+521403]\n\tGetHandleVerifier [0x00956229+517465]\n\tOrdinal0 [0x0086B79D+2078621]\n\tOrdinal0 [0x0086FB58+2095960]\n\tOrdinal0 [0x0086FC92+2096274]\n\tOrdinal0 [0x00879541+2135361]\n\tBaseThreadInitThunk [0x7617FA29+25]\n\tRtlGetAppContainerNamedObjectPath [0x77E57A7E+286]\n\tRtlGetAppContainerNamedObjectPath [0x77E57A4E+238]\n\n", "trace": "  File \"C:\\Python39\\lib\\site-packages\\behave\\model.py\", line 1329, in run\n    match.run(runner.context)\n  File \"C:\\Python39\\lib\\site-packages\\behave\\matchers.py\", line 98, in run\n    self.func(context, *args, **kwargs)\n  File \"Feature\\steps\\StepDefination.py\", line 324, in step_impl\n    back = context.driver.find_element_by_xpath(\"//a[text()='Back']\")\n  File \"C:\\Python39\\lib\\site-packages\\selenium\\webdriver\\remote\\webdriver.py\", line 514, in find_element_by_xpath\n    return self.find_element(by=By.XPATH, value=xpath)\n  File \"C:\\Python39\\lib\\site-packages\\selenium\\webdriver\\remote\\webdriver.py\", line 1238, in find_element\n    return self.execute(Command.FIND_ELEMENT, {\n  File \"C:\\Python39\\lib\\site-packages\\selenium\\webdriver\\remote\\webdriver.py\", line 418, in execute\n    self.error_handler.check_response(response)\n  File \"C:\\Python39\\lib\\site-packages\\selenium\\webdriver\\remote\\errorhandler.py\", line 243, in check_response\n    raise exception_class(message, screen, stacktrace)\n"}, "steps": [{"name": "When User Click On Back_Button And Should Be Navigate To Share Page", "status": "broken", "statusDetails": {"message": "selenium.common.exceptions.NoSuchWindowException: Message: no such window: target window already closed\nfrom unknown error: web view not found\n  (Session info: chrome=94.0.4606.81)\nStacktrace:\nBacktrace:\n\tOrdinal0 [0x008CBDE3+2473443]\n\tOrdinal0 [0x00866661+2057825]\n\tOrdinal0 [0x00772438+1057848]\n\tOrdinal0 [0x0075BD36+965942]\n\tOrdinal0 [0x007B79F9+1341945]\n\tOrdinal0 [0x007C4242+1393218]\n\tOrdinal0 [0x007B55AB+1332651]\n\tOrdinal0 [0x00792104+1188100]\n\tOrdinal0 [0x00792F59+1191769]\n\tGetHandleVerifier [0x00A52266+1549718]\n\tGetHandleVerifier [0x00AFD4A7+2250711]\n\tGetHandleVerifier [0x0095718B+521403]\n\tGetHandleVerifier [0x00956229+517465]\n\tOrdinal0 [0x0086B79D+2078621]\n\tOrdinal0 [0x0086FB58+2095960]\n\tOrdinal0 [0x0086FC92+2096274]\n\tOrdinal0 [0x00879541+2135361]\n\tBaseThreadInitThunk [0x7617FA29+25]\n\tRtlGetAppContainerNamedObjectPath [0x77E57A7E+286]\n\tRtlGetAppContainerNamedObjectPath [0x77E57A4E+238]\n\n", "trace": "  File \"C:\\Python39\\lib\\site-packages\\behave\\model.py\", line 1329, in run\n    match.run(runner.context)\n  File \"C:\\Python39\\lib\\site-packages\\behave\\matchers.py\", line 98, in run\n    self.func(context, *args, **kwargs)\n  File \"Feature\\steps\\StepDefination.py\", line 324, in step_impl\n    back = context.driver.find_element_by_xpath(\"//a[text()='Back']\")\n  File \"C:\\Python39\\lib\\site-packages\\selenium\\webdriver\\remote\\webdriver.py\", line 514, in find_element_by_xpath\n    return self.find_element(by=By.XPATH, value=xpath)\n  File \"C:\\Python39\\lib\\site-packages\\selenium\\webdriver\\remote\\webdriver.py\", line 1238, in find_element\n    return self.execute(Command.FIND_ELEMENT, {\n  File \"C:\\Python39\\lib\\site-packages\\selenium\\webdriver\\remote\\webdriver.py\", line 418, in execute\n    self.error_handler.check_response(response)\n  File \"C:\\Python39\\lib\\site-packages\\selenium\\webdriver\\remote\\errorhandler.py\", line 243, in check_response\n    raise exception_class(message, screen, stacktrace)\n"}, "start": 1634815298309, "stop": 1634815298309}, {"name": "And Again User Click On View_Button And Navigate To View Page", "status": "skipped", "start": 1634815298309, "stop": 1634815298309}, {"name": "And Click On View_page Delete Button", "status": "skipped", "start": 1634815298309, "stop": 1634815298309}, {"name": "Then A Delete Pop_Up Should Be Open With Yes Or No Button Click On No Button", "status": "skipped", "start": 1634815298309, "stop": 1634815298309}, {"name": "Then Click On Yes Button", "status": "skipped", "start": 1634815298309, "stop": 1634815298309}, {"name": "Then Particular User Friend Entire Data Should Be Deleted And User Should Be Navigate To Share_page", "status": "skipped", "start": 1634815298309, "stop": 1634815298309}], "start": 1634815298309, "stop": 1634815298309, "uuid": "2e55c0be-1f61-4a1f-8fb2-52744175f34d", "historyId": "f5c244475c2a6c76cf4172d99f08c42b", "fullName": "Wowdare User Side End to End Functionality: To check the functionality of View Page", "labels": [{"name": "severity", "value": "normal"}, {"name": "tag", "value": "View_page"}, {"name": "feature", "value": "Wowdare User Side End to End Functionality"}, {"name": "framework", "value": "behave"}, {"name": "language", "value": "cpython3"}]}