{"name": "To Check the functionality of Accept_Page With Valid & Invalid Data.", "status": "broken", "statusDetails": {"message": "selenium.common.exceptions.NoSuchWindowException: Message: Browsing context has been discarded\nStacktrace:\nWebDriverError@chrome://remote/content/shared/webdriver/Errors.jsm:181:5\nNoSuchWindowError@chrome://remote/content/shared/webdriver/Errors.jsm:415:5\nassert.that/<@chrome://remote/content/shared/webdriver/Assert.jsm:435:13\nassert.open@chrome://remote/content/shared/webdriver/Assert.jsm:143:4\nGeckoDriver.prototype.execute_@chrome://remote/content/marionette/driver.js:716:10\nGeckoDriver.prototype.executeScript@chrome://remote/content/marionette/driver.js:634:30\ndespatch@chrome://remote/content/marionette/server.js:306:40\nexecute@chrome://remote/content/marionette/server.js:279:16\nonPacket/<@chrome://remote/content/marionette/server.js:252:20\nonPacket@chrome://remote/content/marionette/server.js:253:9\n_onJSONObjectReady/<@chrome://remote/content/marionette/transport.js:500:20\n\n", "trace": "  File \"C:\\Python39\\lib\\site-packages\\behave\\model.py\", line 1329, in run\n    match.run(runner.context)\n  File \"C:\\Python39\\lib\\site-packages\\behave\\matchers.py\", line 98, in run\n    self.func(context, *args, **kwargs)\n  File \"Feature\\steps\\StepDefination.py\", line 160, in step_impl\n    context.driver2.execute_script(\"window.open(\\\"\" + url + \"\\\")\")\n  File \"C:\\Python39\\lib\\site-packages\\selenium\\webdriver\\remote\\webdriver.py\", line 872, in execute_script\n    return self.execute(command, {\n  File \"C:\\Python39\\lib\\site-packages\\selenium\\webdriver\\remote\\webdriver.py\", line 418, in execute\n    self.error_handler.check_response(response)\n  File \"C:\\Python39\\lib\\site-packages\\selenium\\webdriver\\remote\\errorhandler.py\", line 243, in check_response\n    raise exception_class(message, screen, stacktrace)\n"}, "steps": [{"name": "Given User Friend open Browser, Enter Url, Navigate To Log_in Page", "status": "broken", "statusDetails": {"message": "selenium.common.exceptions.NoSuchWindowException: Message: Browsing context has been discarded\nStacktrace:\nWebDriverError@chrome://remote/content/shared/webdriver/Errors.jsm:181:5\nNoSuchWindowError@chrome://remote/content/shared/webdriver/Errors.jsm:415:5\nassert.that/<@chrome://remote/content/shared/webdriver/Assert.jsm:435:13\nassert.open@chrome://remote/content/shared/webdriver/Assert.jsm:143:4\nGeckoDriver.prototype.execute_@chrome://remote/content/marionette/driver.js:716:10\nGeckoDriver.prototype.executeScript@chrome://remote/content/marionette/driver.js:634:30\ndespatch@chrome://remote/content/marionette/server.js:306:40\nexecute@chrome://remote/content/marionette/server.js:279:16\nonPacket/<@chrome://remote/content/marionette/server.js:252:20\nonPacket@chrome://remote/content/marionette/server.js:253:9\n_onJSONObjectReady/<@chrome://remote/content/marionette/transport.js:500:20\n\n", "trace": "  File \"C:\\Python39\\lib\\site-packages\\behave\\model.py\", line 1329, in run\n    match.run(runner.context)\n  File \"C:\\Python39\\lib\\site-packages\\behave\\matchers.py\", line 98, in run\n    self.func(context, *args, **kwargs)\n  File \"Feature\\steps\\StepDefination.py\", line 160, in step_impl\n    context.driver2.execute_script(\"window.open(\\\"\" + url + \"\\\")\")\n  File \"C:\\Python39\\lib\\site-packages\\selenium\\webdriver\\remote\\webdriver.py\", line 872, in execute_script\n    return self.execute(command, {\n  File \"C:\\Python39\\lib\\site-packages\\selenium\\webdriver\\remote\\webdriver.py\", line 418, in execute\n    self.error_handler.check_response(response)\n  File \"C:\\Python39\\lib\\site-packages\\selenium\\webdriver\\remote\\errorhandler.py\", line 243, in check_response\n    raise exception_class(message, screen, stacktrace)\n"}, "start": 1634630196176, "stop": 1634630237069}, {"name": "When User Friend Enter Username With Invalid Data", "status": "skipped", "start": 1634630237070, "stop": 1634630237070}, {"name": "And User Friend Click On start Button", "status": "skipped", "start": 1634630237070, "stop": 1634630237070}, {"name": "And User Friend Validate onesignal pop-up functionality With click on Later Button", "status": "skipped", "start": 1634630237070, "stop": 1634630237070}, {"name": "And User Friend Enter Username With Valid Data", "status": "skipped", "start": 1634630237070, "stop": 1634630237070}, {"name": "And User Friend Click on Start Buttons", "status": "skipped", "start": 1634630237070, "stop": 1634630237070}, {"name": "Then User Friend Should be Navigate to Answer Page  Successfully", "status": "skipped", "start": 1634630237070, "stop": 1634630237070}], "start": 1634630196174, "stop": 1634630237070, "uuid": "3107787c-1123-4f5c-ab38-71527339bab4", "historyId": "03c917ac6824ab0c8e6cc20d4dd5291a", "fullName": "Wowdare User Side End to End Functionality: To Check the functionality of Accept_Page With Valid & Invalid Data.", "labels": [{"name": "severity", "value": "normal"}, {"name": "tag", "value": "Accept_Page"}, {"name": "feature", "value": "Wowdare User Side End to End Functionality"}, {"name": "framework", "value": "behave"}, {"name": "language", "value": "cpython3"}]}