{"name": "To check the functionality of Complete Page", "status": "broken", "statusDetails": {"message": "selenium.common.exceptions.NoSuchWindowException: Message: Browsing context has been discarded\nStacktrace:\nWebDriverError@chrome://remote/content/shared/webdriver/Errors.jsm:181:5\nNoSuchWindowError@chrome://remote/content/shared/webdriver/Errors.jsm:415:5\nassert.that/<@chrome://remote/content/shared/webdriver/Assert.jsm:435:13\nassert.open@chrome://remote/content/shared/webdriver/Assert.jsm:143:4\nGeckoDriver.prototype.findElement@chrome://remote/content/marionette/driver.js:1404:10\ndespatch@chrome://remote/content/marionette/server.js:306:40\nexecute@chrome://remote/content/marionette/server.js:279:16\nonPacket/<@chrome://remote/content/marionette/server.js:252:20\nonPacket@chrome://remote/content/marionette/server.js:253:9\n_onJSONObjectReady/<@chrome://remote/content/marionette/transport.js:500:20\n\n", "trace": "  File \"C:\\Python39\\lib\\site-packages\\behave\\model.py\", line 1329, in run\n    match.run(runner.context)\n  File \"C:\\Python39\\lib\\site-packages\\behave\\matchers.py\", line 98, in run\n    self.func(context, *args, **kwargs)\n  File \"Feature\\steps\\StepDefination.py\", line 284, in step_impl\n    Creat_button = context.driver2.find_element_by_xpath(\"//a[text()='Create your quiz']\")\n  File \"C:\\Python39\\lib\\site-packages\\selenium\\webdriver\\remote\\webdriver.py\", line 514, in find_element_by_xpath\n    return self.find_element(by=By.XPATH, value=xpath)\n  File \"C:\\Python39\\lib\\site-packages\\selenium\\webdriver\\remote\\webdriver.py\", line 1238, in find_element\n    return self.execute(Command.FIND_ELEMENT, {\n  File \"C:\\Python39\\lib\\site-packages\\selenium\\webdriver\\remote\\webdriver.py\", line 418, in execute\n    self.error_handler.check_response(response)\n  File \"C:\\Python39\\lib\\site-packages\\selenium\\webdriver\\remote\\errorhandler.py\", line 243, in check_response\n    raise exception_class(message, screen, stacktrace)\n"}, "steps": [{"name": "When User Friend Click On Create Your Quiz Button", "status": "broken", "statusDetails": {"message": "selenium.common.exceptions.NoSuchWindowException: Message: Browsing context has been discarded\nStacktrace:\nWebDriverError@chrome://remote/content/shared/webdriver/Errors.jsm:181:5\nNoSuchWindowError@chrome://remote/content/shared/webdriver/Errors.jsm:415:5\nassert.that/<@chrome://remote/content/shared/webdriver/Assert.jsm:435:13\nassert.open@chrome://remote/content/shared/webdriver/Assert.jsm:143:4\nGeckoDriver.prototype.findElement@chrome://remote/content/marionette/driver.js:1404:10\ndespatch@chrome://remote/content/marionette/server.js:306:40\nexecute@chrome://remote/content/marionette/server.js:279:16\nonPacket/<@chrome://remote/content/marionette/server.js:252:20\nonPacket@chrome://remote/content/marionette/server.js:253:9\n_onJSONObjectReady/<@chrome://remote/content/marionette/transport.js:500:20\n\n", "trace": "  File \"C:\\Python39\\lib\\site-packages\\behave\\model.py\", line 1329, in run\n    match.run(runner.context)\n  File \"C:\\Python39\\lib\\site-packages\\behave\\matchers.py\", line 98, in run\n    self.func(context, *args, **kwargs)\n  File \"Feature\\steps\\StepDefination.py\", line 284, in step_impl\n    Creat_button = context.driver2.find_element_by_xpath(\"//a[text()='Create your quiz']\")\n  File \"C:\\Python39\\lib\\site-packages\\selenium\\webdriver\\remote\\webdriver.py\", line 514, in find_element_by_xpath\n    return self.find_element(by=By.XPATH, value=xpath)\n  File \"C:\\Python39\\lib\\site-packages\\selenium\\webdriver\\remote\\webdriver.py\", line 1238, in find_element\n    return self.execute(Command.FIND_ELEMENT, {\n  File \"C:\\Python39\\lib\\site-packages\\selenium\\webdriver\\remote\\webdriver.py\", line 418, in execute\n    self.error_handler.check_response(response)\n  File \"C:\\Python39\\lib\\site-packages\\selenium\\webdriver\\remote\\errorhandler.py\", line 243, in check_response\n    raise exception_class(message, screen, stacktrace)\n"}, "start": 1634630237375, "stop": 1634630238037}, {"name": "Then User Friend Become User And Navigate To Home Page", "status": "skipped", "start": 1634630238038, "stop": 1634630238038}], "start": 1634630237373, "stop": 1634630238038, "uuid": "56cefcce-bf9d-4aff-814b-71e6166a933e", "historyId": "d597327387c5dfc69ddbe90bf85a099a", "fullName": "Wowdare User Side End to End Functionality: To check the functionality of Complete Page", "labels": [{"name": "severity", "value": "normal"}, {"name": "tag", "value": "Complete_page"}, {"name": "feature", "value": "Wowdare User Side End to End Functionality"}, {"name": "framework", "value": "behave"}, {"name": "language", "value": "cpython3"}]}