{"name": "To check the functionality of Share Page Delete Buttons", "status": "broken", "statusDetails": {"message": "selenium.common.exceptions.NoSuchElementException: Message: no such element: Unable to locate element: {\"method\":\"xpath\",\"selector\":\"//a[text()='Delete']\"}\n  (Session info: chrome=94.0.4606.81)\nStacktrace:\nBacktrace:\n\tOrdinal0 [0x0121BDE3+2473443]\n\tOrdinal0 [0x011B6661+2057825]\n\tOrdinal0 [0x010C2438+1057848]\n\tOrdinal0 [0x010EC7DB+1230811]\n\tOrdinal0 [0x01116712+1402642]\n\tOrdinal0 [0x0110571A+1333018]\n\tOrdinal0 [0x01114ABF+1395391]\n\tOrdinal0 [0x011055AB+1332651]\n\tOrdinal0 [0x010E2104+1188100]\n\tOrdinal0 [0x010E2F59+1191769]\n\tGetHandleVerifier [0x013A2266+1549718]\n\tGetHandleVerifier [0x0144D4A7+2250711]\n\tGetHandleVerifier [0x012A718B+521403]\n\tGetHandleVerifier [0x012A6229+517465]\n\tOrdinal0 [0x011BB79D+2078621]\n\tOrdinal0 [0x011BFB58+2095960]\n\tOrdinal0 [0x011BFC92+2096274]\n\tOrdinal0 [0x011C9541+2135361]\n\tBaseThreadInitThunk [0x7606FA29+25]\n\tRtlGetAppContainerNamedObjectPath [0x77C87A7E+286]\n\tRtlGetAppContainerNamedObjectPath [0x77C87A4E+238]\n\n", "trace": "  File \"C:\\Python39\\lib\\site-packages\\behave\\model.py\", line 1329, in run\n    match.run(runner.context)\n  File \"C:\\Python39\\lib\\site-packages\\behave\\matchers.py\", line 98, in run\n    self.func(context, *args, **kwargs)\n  File \"Feature\\steps\\StepDefination.py\", line 342, in step_impl\n    Delete = context.driver.find_element_by_xpath(\"//a[text()='Delete']\")\n  File \"C:\\Python39\\lib\\site-packages\\selenium\\webdriver\\remote\\webdriver.py\", line 514, in find_element_by_xpath\n    return self.find_element(by=By.XPATH, value=xpath)\n  File \"C:\\Python39\\lib\\site-packages\\selenium\\webdriver\\remote\\webdriver.py\", line 1238, in find_element\n    return self.execute(Command.FIND_ELEMENT, {\n  File \"C:\\Python39\\lib\\site-packages\\selenium\\webdriver\\remote\\webdriver.py\", line 418, in execute\n    self.error_handler.check_response(response)\n  File \"C:\\Python39\\lib\\site-packages\\selenium\\webdriver\\remote\\errorhandler.py\", line 243, in check_response\n    raise exception_class(message, screen, stacktrace)\n"}, "steps": [{"name": "When Click On share_page Delete Button", "status": "broken", "statusDetails": {"message": "selenium.common.exceptions.NoSuchElementException: Message: no such element: Unable to locate element: {\"method\":\"xpath\",\"selector\":\"//a[text()='Delete']\"}\n  (Session info: chrome=94.0.4606.81)\nStacktrace:\nBacktrace:\n\tOrdinal0 [0x0121BDE3+2473443]\n\tOrdinal0 [0x011B6661+2057825]\n\tOrdinal0 [0x010C2438+1057848]\n\tOrdinal0 [0x010EC7DB+1230811]\n\tOrdinal0 [0x01116712+1402642]\n\tOrdinal0 [0x0110571A+1333018]\n\tOrdinal0 [0x01114ABF+1395391]\n\tOrdinal0 [0x011055AB+1332651]\n\tOrdinal0 [0x010E2104+1188100]\n\tOrdinal0 [0x010E2F59+1191769]\n\tGetHandleVerifier [0x013A2266+1549718]\n\tGetHandleVerifier [0x0144D4A7+2250711]\n\tGetHandleVerifier [0x012A718B+521403]\n\tGetHandleVerifier [0x012A6229+517465]\n\tOrdinal0 [0x011BB79D+2078621]\n\tOrdinal0 [0x011BFB58+2095960]\n\tOrdinal0 [0x011BFC92+2096274]\n\tOrdinal0 [0x011C9541+2135361]\n\tBaseThreadInitThunk [0x7606FA29+25]\n\tRtlGetAppContainerNamedObjectPath [0x77C87A7E+286]\n\tRtlGetAppContainerNamedObjectPath [0x77C87A4E+238]\n\n", "trace": "  File \"C:\\Python39\\lib\\site-packages\\behave\\model.py\", line 1329, in run\n    match.run(runner.context)\n  File \"C:\\Python39\\lib\\site-packages\\behave\\matchers.py\", line 98, in run\n    self.func(context, *args, **kwargs)\n  File \"Feature\\steps\\StepDefination.py\", line 342, in step_impl\n    Delete = context.driver.find_element_by_xpath(\"//a[text()='Delete']\")\n  File \"C:\\Python39\\lib\\site-packages\\selenium\\webdriver\\remote\\webdriver.py\", line 514, in find_element_by_xpath\n    return self.find_element(by=By.XPATH, value=xpath)\n  File \"C:\\Python39\\lib\\site-packages\\selenium\\webdriver\\remote\\webdriver.py\", line 1238, in find_element\n    return self.execute(Command.FIND_ELEMENT, {\n  File \"C:\\Python39\\lib\\site-packages\\selenium\\webdriver\\remote\\webdriver.py\", line 418, in execute\n    self.error_handler.check_response(response)\n  File \"C:\\Python39\\lib\\site-packages\\selenium\\webdriver\\remote\\errorhandler.py\", line 243, in check_response\n    raise exception_class(message, screen, stacktrace)\n"}, "start": 1634723415275, "stop": 1634723425333}, {"name": "Then A Delete Pop_Up Should Be Open And  Click On No Button", "status": "skipped", "start": 1634723425334, "stop": 1634723425334}, {"name": "Then Click On Yes Button Share Page", "status": "skipped", "start": 1634723425334, "stop": 1634723425334}, {"name": "Then Entire Quiz Should Be Deleted And User Navigate To The Home Page.", "status": "skipped", "start": 1634723425334, "stop": 1634723425334}], "start": 1634723415273, "stop": 1634723425334, "uuid": "7cce7639-0d5d-4893-a691-788f4503994c", "historyId": "c6cae25dd85990e49b678009c4fc35ae", "fullName": "Wowdare User Side End to End Functionality: To check the functionality of Share Page Delete Buttons", "labels": [{"name": "severity", "value": "normal"}, {"name": "tag", "value": "share_page"}, {"name": "feature", "value": "Wowdare User Side End to End Functionality"}, {"name": "framework", "value": "behave"}, {"name": "language", "value": "cpython3"}]}