{"name": "Check the functionality of Answer Page", "status": "broken", "statusDetails": {"message": "selenium.common.exceptions.ElementClickInterceptedException: Message: Element <div class=\"option\"> is not clickable at point (600,613) because another element <div id=\"div-gpt-ad-1606891020323-0\"> obscures it\nStacktrace:\nWebDriverError@chrome://remote/content/shared/webdriver/Errors.jsm:181:5\nElementClickInterceptedError@chrome://remote/content/shared/webdriver/Errors.jsm:280:5\nwebdriverClickElement@chrome://remote/content/marionette/interaction.js:166:11\ninteraction.clickElement@chrome://remote/content/marionette/interaction.js:125:11\nclickElement@chrome://remote/content/marionette/actors/MarionetteCommandsChild.jsm:200:24\nreceiveMessage@chrome://remote/content/marionette/actors/MarionetteCommandsChild.jsm:91:31\n\n", "trace": "  File \"C:\\Python39\\lib\\site-packages\\behave\\model.py\", line 1329, in run\n    match.run(runner.context)\n  File \"C:\\Python39\\lib\\site-packages\\behave\\matchers.py\", line 98, in run\n    self.func(context, *args, **kwargs)\n  File \"Feature\\steps\\StepDefination.py\", line 213, in step_impl\n    context.driver2.find_element_by_xpath(\"//div[@data-file-id='197']\").click()\n  File \"C:\\Python39\\lib\\site-packages\\selenium\\webdriver\\remote\\webelement.py\", line 80, in click\n    self._execute(Command.CLICK_ELEMENT)\n  File \"C:\\Python39\\lib\\site-packages\\selenium\\webdriver\\remote\\webelement.py\", line 693, in _execute\n    return self._parent.execute(command, params)\n  File \"C:\\Python39\\lib\\site-packages\\selenium\\webdriver\\remote\\webdriver.py\", line 418, in execute\n    self.error_handler.check_response(response)\n  File \"C:\\Python39\\lib\\site-packages\\selenium\\webdriver\\remote\\errorhandler.py\", line 243, in check_response\n    raise exception_class(message, screen, stacktrace)\n"}, "steps": [{"name": "When User Friend Click On Q1", "status": "broken", "statusDetails": {"message": "selenium.common.exceptions.ElementClickInterceptedException: Message: Element <div class=\"option\"> is not clickable at point (600,613) because another element <div id=\"div-gpt-ad-1606891020323-0\"> obscures it\nStacktrace:\nWebDriverError@chrome://remote/content/shared/webdriver/Errors.jsm:181:5\nElementClickInterceptedError@chrome://remote/content/shared/webdriver/Errors.jsm:280:5\nwebdriverClickElement@chrome://remote/content/marionette/interaction.js:166:11\ninteraction.clickElement@chrome://remote/content/marionette/interaction.js:125:11\nclickElement@chrome://remote/content/marionette/actors/MarionetteCommandsChild.jsm:200:24\nreceiveMessage@chrome://remote/content/marionette/actors/MarionetteCommandsChild.jsm:91:31\n\n", "trace": "  File \"C:\\Python39\\lib\\site-packages\\behave\\model.py\", line 1329, in run\n    match.run(runner.context)\n  File \"C:\\Python39\\lib\\site-packages\\behave\\matchers.py\", line 98, in run\n    self.func(context, *args, **kwargs)\n  File \"Feature\\steps\\StepDefination.py\", line 213, in step_impl\n    context.driver2.find_element_by_xpath(\"//div[@data-file-id='197']\").click()\n  File \"C:\\Python39\\lib\\site-packages\\selenium\\webdriver\\remote\\webelement.py\", line 80, in click\n    self._execute(Command.CLICK_ELEMENT)\n  File \"C:\\Python39\\lib\\site-packages\\selenium\\webdriver\\remote\\webelement.py\", line 693, in _execute\n    return self._parent.execute(command, params)\n  File \"C:\\Python39\\lib\\site-packages\\selenium\\webdriver\\remote\\webdriver.py\", line 418, in execute\n    self.error_handler.check_response(response)\n  File \"C:\\Python39\\lib\\site-packages\\selenium\\webdriver\\remote\\errorhandler.py\", line 243, in check_response\n    raise exception_class(message, screen, stacktrace)\n"}, "start": 1634631500592, "stop": 1634631502579}, {"name": "And User Friend Click On Q2", "status": "skipped", "start": 1634631502582, "stop": 1634631502582}, {"name": "And User Friend Click On Q3", "status": "skipped", "start": 1634631502582, "stop": 1634631502582}, {"name": "And User Friend Click On Q4", "status": "skipped", "start": 1634631502582, "stop": 1634631502582}, {"name": "And User Friend Click On Q5", "status": "skipped", "start": 1634631502582, "stop": 1634631502582}, {"name": "And User Friend Click On Q6", "status": "skipped", "start": 1634631502582, "stop": 1634631502582}, {"name": "And User Friend Click On Q7", "status": "skipped", "start": 1634631502582, "stop": 1634631502582}, {"name": "And User Friend Click On Q8", "status": "skipped", "start": 1634631502582, "stop": 1634631502582}, {"name": "And User Friend Click On Q9", "status": "skipped", "start": 1634631502582, "stop": 1634631502582}, {"name": "And User Friend Click On Q10", "status": "skipped", "start": 1634631502582, "stop": 1634631502582}, {"name": "And User Friend Click On Q11", "status": "skipped", "start": 1634631502582, "stop": 1634631502582}, {"name": "And User Friend Click On Q12", "status": "skipped", "start": 1634631502582, "stop": 1634631502582}, {"name": "And User Friend Click On Q13", "status": "skipped", "start": 1634631502582, "stop": 1634631502582}, {"name": "And User Friend Click On Q14", "status": "skipped", "start": 1634631502582, "stop": 1634631502582}, {"name": "And User Friend Click On Q15", "status": "skipped", "start": 1634631502582, "stop": 1634631502582}, {"name": "Then User Friend Should be Navigate to Complete Page  Successfully", "status": "skipped", "start": 1634631502582, "stop": 1634631502582}], "start": 1634631500590, "stop": 1634631502582, "uuid": "8eda4003-a251-46fb-957e-89712e3e0a74", "historyId": "67320de496851cf24a3851919518b612", "fullName": "Wowdare User Side End to End Functionality: Check the functionality of Answer Page", "labels": [{"name": "severity", "value": "normal"}, {"name": "tag", "value": "Answer_page"}, {"name": "feature", "value": "Wowdare User Side End to End Functionality"}, {"name": "framework", "value": "behave"}, {"name": "language", "value": "cpython3"}]}