{"name": "To check the functionality of Complete Page", "status": "broken", "statusDetails": {"message": "selenium.common.exceptions.NoSuchElementException: Message: no such element: Unable to locate element: {\"method\":\"xpath\",\"selector\":\"//a[text()='Create your quiz']\"}\n  (Session info: chrome=94.0.4606.81)\nStacktrace:\nBacktrace:\n\tOrdinal0 [0x00A6BDE3+2473443]\n\tOrdinal0 [0x00A06661+2057825]\n\tOrdinal0 [0x00912438+1057848]\n\tOrdinal0 [0x0093C7DB+1230811]\n\tOrdinal0 [0x00966712+1402642]\n\tOrdinal0 [0x0095571A+1333018]\n\tOrdinal0 [0x00964ABF+1395391]\n\tOrdinal0 [0x009555AB+1332651]\n\tOrdinal0 [0x00932104+1188100]\n\tOrdinal0 [0x00932F59+1191769]\n\tGetHandleVerifier [0x00BF2266+1549718]\n\tGetHandleVerifier [0x00C9D4A7+2250711]\n\tGetHandleVerifier [0x00AF718B+521403]\n\tGetHandleVerifier [0x00AF6229+517465]\n\tOrdinal0 [0x00A0B79D+2078621]\n\tOrdinal0 [0x00A0FB58+2095960]\n\tOrdinal0 [0x00A0FC92+2096274]\n\tOrdinal0 [0x00A19541+2135361]\n\tBaseThreadInitThunk [0x75CCFA29+25]\n\tRtlGetAppContainerNamedObjectPath [0x77607A7E+286]\n\tRtlGetAppContainerNamedObjectPath [0x77607A4E+238]\n\n", "trace": "  File \"C:\\Python39\\lib\\site-packages\\behave\\model.py\", line 1329, in run\n    match.run(runner.context)\n  File \"C:\\Python39\\lib\\site-packages\\behave\\matchers.py\", line 98, in run\n    self.func(context, *args, **kwargs)\n  File \"Feature\\steps\\StepDefination.py\", line 301, in step_impl\n    Creat_button = context.driver2.find_element_by_xpath(\"//a[text()='Create your quiz']\")\n  File \"C:\\Python39\\lib\\site-packages\\selenium\\webdriver\\remote\\webdriver.py\", line 514, in find_element_by_xpath\n    return self.find_element(by=By.XPATH, value=xpath)\n  File \"C:\\Python39\\lib\\site-packages\\selenium\\webdriver\\remote\\webdriver.py\", line 1238, in find_element\n    return self.execute(Command.FIND_ELEMENT, {\n  File \"C:\\Python39\\lib\\site-packages\\selenium\\webdriver\\remote\\webdriver.py\", line 418, in execute\n    self.error_handler.check_response(response)\n  File \"C:\\Python39\\lib\\site-packages\\selenium\\webdriver\\remote\\errorhandler.py\", line 243, in check_response\n    raise exception_class(message, screen, stacktrace)\n"}, "steps": [{"name": "When User Friend Click On Create Your Quiz Button", "status": "broken", "statusDetails": {"message": "selenium.common.exceptions.NoSuchElementException: Message: no such element: Unable to locate element: {\"method\":\"xpath\",\"selector\":\"//a[text()='Create your quiz']\"}\n  (Session info: chrome=94.0.4606.81)\nStacktrace:\nBacktrace:\n\tOrdinal0 [0x00A6BDE3+2473443]\n\tOrdinal0 [0x00A06661+2057825]\n\tOrdinal0 [0x00912438+1057848]\n\tOrdinal0 [0x0093C7DB+1230811]\n\tOrdinal0 [0x00966712+1402642]\n\tOrdinal0 [0x0095571A+1333018]\n\tOrdinal0 [0x00964ABF+1395391]\n\tOrdinal0 [0x009555AB+1332651]\n\tOrdinal0 [0x00932104+1188100]\n\tOrdinal0 [0x00932F59+1191769]\n\tGetHandleVerifier [0x00BF2266+1549718]\n\tGetHandleVerifier [0x00C9D4A7+2250711]\n\tGetHandleVerifier [0x00AF718B+521403]\n\tGetHandleVerifier [0x00AF6229+517465]\n\tOrdinal0 [0x00A0B79D+2078621]\n\tOrdinal0 [0x00A0FB58+2095960]\n\tOrdinal0 [0x00A0FC92+2096274]\n\tOrdinal0 [0x00A19541+2135361]\n\tBaseThreadInitThunk [0x75CCFA29+25]\n\tRtlGetAppContainerNamedObjectPath [0x77607A7E+286]\n\tRtlGetAppContainerNamedObjectPath [0x77607A4E+238]\n\n", "trace": "  File \"C:\\Python39\\lib\\site-packages\\behave\\model.py\", line 1329, in run\n    match.run(runner.context)\n  File \"C:\\Python39\\lib\\site-packages\\behave\\matchers.py\", line 98, in run\n    self.func(context, *args, **kwargs)\n  File \"Feature\\steps\\StepDefination.py\", line 301, in step_impl\n    Creat_button = context.driver2.find_element_by_xpath(\"//a[text()='Create your quiz']\")\n  File \"C:\\Python39\\lib\\site-packages\\selenium\\webdriver\\remote\\webdriver.py\", line 514, in find_element_by_xpath\n    return self.find_element(by=By.XPATH, value=xpath)\n  File \"C:\\Python39\\lib\\site-packages\\selenium\\webdriver\\remote\\webdriver.py\", line 1238, in find_element\n    return self.execute(Command.FIND_ELEMENT, {\n  File \"C:\\Python39\\lib\\site-packages\\selenium\\webdriver\\remote\\webdriver.py\", line 418, in execute\n    self.error_handler.check_response(response)\n  File \"C:\\Python39\\lib\\site-packages\\selenium\\webdriver\\remote\\errorhandler.py\", line 243, in check_response\n    raise exception_class(message, screen, stacktrace)\n"}, "start": 1634793927009, "stop": 1634793947078}, {"name": "Then User Friend Become User And Navigate To Home Page", "status": "skipped", "start": 1634793947079, "stop": 1634793947079}], "start": 1634793927007, "stop": 1634793947079, "uuid": "5382ce68-89a7-44c0-b990-251c4db2b6c7", "historyId": "d597327387c5dfc69ddbe90bf85a099a", "fullName": "Wowdare User Side End to End Functionality: To check the functionality of Complete Page", "labels": [{"name": "severity", "value": "normal"}, {"name": "tag", "value": "Complete_page"}, {"name": "feature", "value": "Wowdare User Side End to End Functionality"}, {"name": "framework", "value": "behave"}, {"name": "language", "value": "cpython3"}]}