{"name": "To check the functionality of Share Page Scoreboard and View Buttons", "status": "broken", "statusDetails": {"message": "selenium.common.exceptions.NoSuchElementException: Message: no such element: Unable to locate element: {\"method\":\"xpath\",\"selector\":\"//a[@class='btn primary-btn v-ans w-100']\"}\n  (Session info: chrome=94.0.4606.81)\nStacktrace:\nBacktrace:\n\tOrdinal0 [0x00A5BDE3+2473443]\n\tOrdinal0 [0x009F6661+2057825]\n\tOrdinal0 [0x00902438+1057848]\n\tOrdinal0 [0x0092C7DB+1230811]\n\tOrdinal0 [0x00956712+1402642]\n\tOrdinal0 [0x0094571A+1333018]\n\tOrdinal0 [0x00954ABF+1395391]\n\tOrdinal0 [0x009455AB+1332651]\n\tOrdinal0 [0x00922104+1188100]\n\tOrdinal0 [0x00922F59+1191769]\n\tGetHandleVerifier [0x00BE2266+1549718]\n\tGetHandleVerifier [0x00C8D4A7+2250711]\n\tGetHandleVerifier [0x00AE718B+521403]\n\tGetHandleVerifier [0x00AE6229+517465]\n\tOrdinal0 [0x009FB79D+2078621]\n\tOrdinal0 [0x009FFB58+2095960]\n\tOrdinal0 [0x009FFC92+2096274]\n\tOrdinal0 [0x00A09541+2135361]\n\tBaseThreadInitThunk [0x75CCFA29+25]\n\tRtlGetAppContainerNamedObjectPath [0x77607A7E+286]\n\tRtlGetAppContainerNamedObjectPath [0x77607A4E+238]\n\n", "trace": "  File \"C:\\Python39\\lib\\site-packages\\behave\\model.py\", line 1329, in run\n    match.run(runner.context)\n  File \"C:\\Python39\\lib\\site-packages\\behave\\matchers.py\", line 98, in run\n    self.func(context, *args, **kwargs)\n  File \"Feature\\steps\\StepDefination.py\", line 309, in step_impl\n    Scoreboard = context.driver.find_element(By.XPATH, \"//a[@class='btn primary-btn v-ans w-100']\")\n  File \"C:\\Python39\\lib\\site-packages\\selenium\\webdriver\\remote\\webdriver.py\", line 1238, in find_element\n    return self.execute(Command.FIND_ELEMENT, {\n  File \"C:\\Python39\\lib\\site-packages\\selenium\\webdriver\\remote\\webdriver.py\", line 418, in execute\n    self.error_handler.check_response(response)\n  File \"C:\\Python39\\lib\\site-packages\\selenium\\webdriver\\remote\\errorhandler.py\", line 243, in check_response\n    raise exception_class(message, screen, stacktrace)\n"}, "steps": [{"name": "Given Validate the Scoreboard  Button Functionality", "status": "broken", "statusDetails": {"message": "selenium.common.exceptions.NoSuchElementException: Message: no such element: Unable to locate element: {\"method\":\"xpath\",\"selector\":\"//a[@class='btn primary-btn v-ans w-100']\"}\n  (Session info: chrome=94.0.4606.81)\nStacktrace:\nBacktrace:\n\tOrdinal0 [0x00A5BDE3+2473443]\n\tOrdinal0 [0x009F6661+2057825]\n\tOrdinal0 [0x00902438+1057848]\n\tOrdinal0 [0x0092C7DB+1230811]\n\tOrdinal0 [0x00956712+1402642]\n\tOrdinal0 [0x0094571A+1333018]\n\tOrdinal0 [0x00954ABF+1395391]\n\tOrdinal0 [0x009455AB+1332651]\n\tOrdinal0 [0x00922104+1188100]\n\tOrdinal0 [0x00922F59+1191769]\n\tGetHandleVerifier [0x00BE2266+1549718]\n\tGetHandleVerifier [0x00C8D4A7+2250711]\n\tGetHandleVerifier [0x00AE718B+521403]\n\tGetHandleVerifier [0x00AE6229+517465]\n\tOrdinal0 [0x009FB79D+2078621]\n\tOrdinal0 [0x009FFB58+2095960]\n\tOrdinal0 [0x009FFC92+2096274]\n\tOrdinal0 [0x00A09541+2135361]\n\tBaseThreadInitThunk [0x75CCFA29+25]\n\tRtlGetAppContainerNamedObjectPath [0x77607A7E+286]\n\tRtlGetAppContainerNamedObjectPath [0x77607A4E+238]\n\n", "trace": "  File \"C:\\Python39\\lib\\site-packages\\behave\\model.py\", line 1329, in run\n    match.run(runner.context)\n  File \"C:\\Python39\\lib\\site-packages\\behave\\matchers.py\", line 98, in run\n    self.func(context, *args, **kwargs)\n  File \"Feature\\steps\\StepDefination.py\", line 309, in step_impl\n    Scoreboard = context.driver.find_element(By.XPATH, \"//a[@class='btn primary-btn v-ans w-100']\")\n  File \"C:\\Python39\\lib\\site-packages\\selenium\\webdriver\\remote\\webdriver.py\", line 1238, in find_element\n    return self.execute(Command.FIND_ELEMENT, {\n  File \"C:\\Python39\\lib\\site-packages\\selenium\\webdriver\\remote\\webdriver.py\", line 418, in execute\n    self.error_handler.check_response(response)\n  File \"C:\\Python39\\lib\\site-packages\\selenium\\webdriver\\remote\\errorhandler.py\", line 243, in check_response\n    raise exception_class(message, screen, stacktrace)\n"}, "start": 1634795180913, "stop": 1634795180933}, {"name": "When User Click On View_Button", "status": "skipped", "start": 1634795180934, "stop": 1634795180934}, {"name": "Then User Should Be Navigate To View Page", "status": "skipped", "start": 1634795180934, "stop": 1634795180934}], "start": 1634795180911, "stop": 1634795180934, "uuid": "46d35027-456c-4b08-ad1d-444b0c51914c", "historyId": "f77ce3713c5bdc2cabb9363879c568ef", "fullName": "Wowdare User Side End to End Functionality: To check the functionality of Share Page Scoreboard and View Buttons", "labels": [{"name": "severity", "value": "normal"}, {"name": "tag", "value": "share_page"}, {"name": "feature", "value": "Wowdare User Side End to End Functionality"}, {"name": "framework", "value": "behave"}, {"name": "language", "value": "cpython3"}]}