{"name": "To check the functionality of Share Page Scoreboard and View Buttons", "status": "broken", "statusDetails": {"message": "selenium.common.exceptions.NoSuchElementException: Message: no such element: Unable to locate element: {\"method\":\"xpath\",\"selector\":\"//a[@class='btn primary-btn v-ans w-100']\"}\n  (Session info: chrome=94.0.4606.81)\nStacktrace:\nBacktrace:\n\tOrdinal0 [0x0097BDE3+2473443]\n\tOrdinal0 [0x00916661+2057825]\n\tOrdinal0 [0x00822438+1057848]\n\tOrdinal0 [0x0084C7DB+1230811]\n\tOrdinal0 [0x00876712+1402642]\n\tOrdinal0 [0x0086571A+1333018]\n\tOrdinal0 [0x00874ABF+1395391]\n\tOrdinal0 [0x008655AB+1332651]\n\tOrdinal0 [0x00842104+1188100]\n\tOrdinal0 [0x00842F59+1191769]\n\tGetHandleVerifier [0x00B02266+1549718]\n\tGetHandleVerifier [0x00BAD4A7+2250711]\n\tGetHandleVerifier [0x00A0718B+521403]\n\tGetHandleVerifier [0x00A06229+517465]\n\tOrdinal0 [0x0091B79D+2078621]\n\tOrdinal0 [0x0091FB58+2095960]\n\tOrdinal0 [0x0091FC92+2096274]\n\tOrdinal0 [0x00929541+2135361]\n\tBaseThreadInitThunk [0x76BEFA29+25]\n\tRtlGetAppContainerNamedObjectPath [0x77607A7E+286]\n\tRtlGetAppContainerNamedObjectPath [0x77607A4E+238]\n\n", "trace": "  File \"C:\\Python39\\lib\\site-packages\\behave\\model.py\", line 1329, in run\n    match.run(runner.context)\n  File \"C:\\Python39\\lib\\site-packages\\behave\\matchers.py\", line 98, in run\n    self.func(context, *args, **kwargs)\n  File \"Feature\\steps\\StepDefination.py\", line 293, in step_impl\n    Scoreboard = context.driver.find_element(By.XPATH, \"//a[@class='btn primary-btn v-ans w-100']\")\n  File \"C:\\Python39\\lib\\site-packages\\selenium\\webdriver\\remote\\webdriver.py\", line 1238, in find_element\n    return self.execute(Command.FIND_ELEMENT, {\n  File \"C:\\Python39\\lib\\site-packages\\selenium\\webdriver\\remote\\webdriver.py\", line 418, in execute\n    self.error_handler.check_response(response)\n  File \"C:\\Python39\\lib\\site-packages\\selenium\\webdriver\\remote\\errorhandler.py\", line 243, in check_response\n    raise exception_class(message, screen, stacktrace)\n"}, "steps": [{"name": "Given Validate the Scoreboard  Button Functionality", "status": "broken", "statusDetails": {"message": "selenium.common.exceptions.NoSuchElementException: Message: no such element: Unable to locate element: {\"method\":\"xpath\",\"selector\":\"//a[@class='btn primary-btn v-ans w-100']\"}\n  (Session info: chrome=94.0.4606.81)\nStacktrace:\nBacktrace:\n\tOrdinal0 [0x0097BDE3+2473443]\n\tOrdinal0 [0x00916661+2057825]\n\tOrdinal0 [0x00822438+1057848]\n\tOrdinal0 [0x0084C7DB+1230811]\n\tOrdinal0 [0x00876712+1402642]\n\tOrdinal0 [0x0086571A+1333018]\n\tOrdinal0 [0x00874ABF+1395391]\n\tOrdinal0 [0x008655AB+1332651]\n\tOrdinal0 [0x00842104+1188100]\n\tOrdinal0 [0x00842F59+1191769]\n\tGetHandleVerifier [0x00B02266+1549718]\n\tGetHandleVerifier [0x00BAD4A7+2250711]\n\tGetHandleVerifier [0x00A0718B+521403]\n\tGetHandleVerifier [0x00A06229+517465]\n\tOrdinal0 [0x0091B79D+2078621]\n\tOrdinal0 [0x0091FB58+2095960]\n\tOrdinal0 [0x0091FC92+2096274]\n\tOrdinal0 [0x00929541+2135361]\n\tBaseThreadInitThunk [0x76BEFA29+25]\n\tRtlGetAppContainerNamedObjectPath [0x77607A7E+286]\n\tRtlGetAppContainerNamedObjectPath [0x77607A4E+238]\n\n", "trace": "  File \"C:\\Python39\\lib\\site-packages\\behave\\model.py\", line 1329, in run\n    match.run(runner.context)\n  File \"C:\\Python39\\lib\\site-packages\\behave\\matchers.py\", line 98, in run\n    self.func(context, *args, **kwargs)\n  File \"Feature\\steps\\StepDefination.py\", line 293, in step_impl\n    Scoreboard = context.driver.find_element(By.XPATH, \"//a[@class='btn primary-btn v-ans w-100']\")\n  File \"C:\\Python39\\lib\\site-packages\\selenium\\webdriver\\remote\\webdriver.py\", line 1238, in find_element\n    return self.execute(Command.FIND_ELEMENT, {\n  File \"C:\\Python39\\lib\\site-packages\\selenium\\webdriver\\remote\\webdriver.py\", line 418, in execute\n    self.error_handler.check_response(response)\n  File \"C:\\Python39\\lib\\site-packages\\selenium\\webdriver\\remote\\errorhandler.py\", line 243, in check_response\n    raise exception_class(message, screen, stacktrace)\n"}, "start": 1634630473111, "stop": 1634630473129}, {"name": "When User Click On View_Button", "status": "skipped", "start": 1634630473130, "stop": 1634630473130}, {"name": "Then User Should Be Navigate To View Page", "status": "skipped", "start": 1634630473130, "stop": 1634630473130}], "start": 1634630473108, "stop": 1634630473130, "uuid": "32b6b0d9-e8e5-4efd-b9ab-81dd50a09c0a", "historyId": "f77ce3713c5bdc2cabb9363879c568ef", "fullName": "Wowdare User Side End to End Functionality: To check the functionality of Share Page Scoreboard and View Buttons", "labels": [{"name": "severity", "value": "normal"}, {"name": "tag", "value": "share_page"}, {"name": "feature", "value": "Wowdare User Side End to End Functionality"}, {"name": "framework", "value": "behave"}, {"name": "language", "value": "cpython3"}]}