{"name": "Check the functionality of Answer Page", "status": "broken", "statusDetails": {"message": "selenium.common.exceptions.NoSuchElementException: Message: Unable to locate element: //div[@data-file-id='197']\nStacktrace:\nWebDriverError@chrome://remote/content/shared/webdriver/Errors.jsm:181:5\nNoSuchElementError@chrome://remote/content/shared/webdriver/Errors.jsm:393:5\nelement.find/</<@chrome://remote/content/marionette/element.js:305:16\n\n", "trace": "  File \"C:\\Python39\\lib\\site-packages\\behave\\model.py\", line 1329, in run\n    match.run(runner.context)\n  File \"C:\\Python39\\lib\\site-packages\\behave\\matchers.py\", line 98, in run\n    self.func(context, *args, **kwargs)\n  File \"Feature\\steps\\StepDefination.py\", line 212, in step_impl\n    Q1=context.driver2.find_element_by_xpath(\"//div[@data-file-id='197']\")\n  File \"C:\\Python39\\lib\\site-packages\\selenium\\webdriver\\remote\\webdriver.py\", line 514, in find_element_by_xpath\n    return self.find_element(by=By.XPATH, value=xpath)\n  File \"C:\\Python39\\lib\\site-packages\\selenium\\webdriver\\remote\\webdriver.py\", line 1238, in find_element\n    return self.execute(Command.FIND_ELEMENT, {\n  File \"C:\\Python39\\lib\\site-packages\\selenium\\webdriver\\remote\\webdriver.py\", line 418, in execute\n    self.error_handler.check_response(response)\n  File \"C:\\Python39\\lib\\site-packages\\selenium\\webdriver\\remote\\errorhandler.py\", line 243, in check_response\n    raise exception_class(message, screen, stacktrace)\n"}, "steps": [{"name": "When User Friend Click On Q1", "status": "broken", "statusDetails": {"message": "selenium.common.exceptions.NoSuchElementException: Message: Unable to locate element: //div[@data-file-id='197']\nStacktrace:\nWebDriverError@chrome://remote/content/shared/webdriver/Errors.jsm:181:5\nNoSuchElementError@chrome://remote/content/shared/webdriver/Errors.jsm:393:5\nelement.find/</<@chrome://remote/content/marionette/element.js:305:16\n\n", "trace": "  File \"C:\\Python39\\lib\\site-packages\\behave\\model.py\", line 1329, in run\n    match.run(runner.context)\n  File \"C:\\Python39\\lib\\site-packages\\behave\\matchers.py\", line 98, in run\n    self.func(context, *args, **kwargs)\n  File \"Feature\\steps\\StepDefination.py\", line 212, in step_impl\n    Q1=context.driver2.find_element_by_xpath(\"//div[@data-file-id='197']\")\n  File \"C:\\Python39\\lib\\site-packages\\selenium\\webdriver\\remote\\webdriver.py\", line 514, in find_element_by_xpath\n    return self.find_element(by=By.XPATH, value=xpath)\n  File \"C:\\Python39\\lib\\site-packages\\selenium\\webdriver\\remote\\webdriver.py\", line 1238, in find_element\n    return self.execute(Command.FIND_ELEMENT, {\n  File \"C:\\Python39\\lib\\site-packages\\selenium\\webdriver\\remote\\webdriver.py\", line 418, in execute\n    self.error_handler.check_response(response)\n  File \"C:\\Python39\\lib\\site-packages\\selenium\\webdriver\\remote\\errorhandler.py\", line 243, in check_response\n    raise exception_class(message, screen, stacktrace)\n"}, "start": 1634630453082, "stop": 1634630463088}, {"name": "And User Friend Click On Q2", "status": "skipped", "start": 1634630463090, "stop": 1634630463090}, {"name": "And User Friend Click On Q3", "status": "skipped", "start": 1634630463090, "stop": 1634630463090}, {"name": "And User Friend Click On Q4", "status": "skipped", "start": 1634630463090, "stop": 1634630463090}, {"name": "And User Friend Click On Q5", "status": "skipped", "start": 1634630463091, "stop": 1634630463091}, {"name": "And User Friend Click On Q6", "status": "skipped", "start": 1634630463091, "stop": 1634630463091}, {"name": "And User Friend Click On Q7", "status": "skipped", "start": 1634630463091, "stop": 1634630463091}, {"name": "And User Friend Click On Q8", "status": "skipped", "start": 1634630463091, "stop": 1634630463091}, {"name": "And User Friend Click On Q9", "status": "skipped", "start": 1634630463091, "stop": 1634630463091}, {"name": "And User Friend Click On Q10", "status": "skipped", "start": 1634630463091, "stop": 1634630463091}, {"name": "And User Friend Click On Q11", "status": "skipped", "start": 1634630463091, "stop": 1634630463091}, {"name": "And User Friend Click On Q12", "status": "skipped", "start": 1634630463091, "stop": 1634630463091}, {"name": "And User Friend Click On Q13", "status": "skipped", "start": 1634630463091, "stop": 1634630463091}, {"name": "And User Friend Click On Q14", "status": "skipped", "start": 1634630463091, "stop": 1634630463091}, {"name": "And User Friend Click On Q15", "status": "skipped", "start": 1634630463091, "stop": 1634630463091}, {"name": "Then User Friend Should be Navigate to Complete Page  Successfully", "status": "skipped", "start": 1634630463091, "stop": 1634630463091}], "start": 1634630453079, "stop": 1634630463091, "uuid": "55a93465-5c6f-4021-9dc1-ad8083314d00", "historyId": "67320de496851cf24a3851919518b612", "fullName": "Wowdare User Side End to End Functionality: Check the functionality of Answer Page", "labels": [{"name": "severity", "value": "normal"}, {"name": "tag", "value": "Answer_page"}, {"name": "feature", "value": "Wowdare User Side End to End Functionality"}, {"name": "framework", "value": "behave"}, {"name": "language", "value": "cpython3"}]}