{"name": "Check the functionality of Question Page", "status": "broken", "statusDetails": {"message": "selenium.common.exceptions.NoSuchElementException: Message: Web element reference not seen before: 3e661337-9bed-488c-b7bc-22d923403ca1\nStacktrace:\nWebDriverError@chrome://remote/content/shared/webdriver/Errors.jsm:181:5\nNoSuchElementError@chrome://remote/content/shared/webdriver/Errors.jsm:393:5\nget@chrome://remote/content/marionette/element.js:214:13\nevaluate.toJSON@chrome://remote/content/marionette/evaluate.js:328:20\nevaluate.toJSON/<@chrome://remote/content/marionette/evaluate.js:323:40\nevaluate.toJSON@chrome://remote/content/marionette/evaluate.js:323:21\nevaluate.toJSON@chrome://remote/content/marionette/evaluate.js:361:27\nsendQuery@chrome://remote/content/marionette/actors/MarionetteCommandsParent.jsm:49:37\nexecuteScript@chrome://remote/content/marionette/actors/MarionetteCommandsParent.jsm:92:17\ngetMarionetteCommandsActorProxy/get/<@chrome://remote/content/marionette/actors/MarionetteCommandsParent.jsm:330:53\nGeckoDriver.prototype.execute_@chrome://remote/content/marionette/driver.js:743:26\n\n", "trace": "  File \"C:\\Python39\\lib\\site-packages\\behave\\model.py\", line 1329, in run\n    match.run(runner.context)\n  File \"C:\\Python39\\lib\\site-packages\\behave\\matchers.py\", line 98, in run\n    self.func(context, *args, **kwargs)\n  File \"Feature\\steps\\StepDefination.py\", line 48, in step_impl\n    context.driver2.execute_script('arguments[0].click()', q1)\n  File \"C:\\Python39\\lib\\site-packages\\selenium\\webdriver\\remote\\webdriver.py\", line 872, in execute_script\n    return self.execute(command, {\n  File \"C:\\Python39\\lib\\site-packages\\selenium\\webdriver\\remote\\webdriver.py\", line 418, in execute\n    self.error_handler.check_response(response)\n  File \"C:\\Python39\\lib\\site-packages\\selenium\\webdriver\\remote\\errorhandler.py\", line 243, in check_response\n    raise exception_class(message, screen, stacktrace)\n"}, "steps": [{"name": "When Click On Q1", "status": "broken", "statusDetails": {"message": "selenium.common.exceptions.NoSuchElementException: Message: Web element reference not seen before: 3e661337-9bed-488c-b7bc-22d923403ca1\nStacktrace:\nWebDriverError@chrome://remote/content/shared/webdriver/Errors.jsm:181:5\nNoSuchElementError@chrome://remote/content/shared/webdriver/Errors.jsm:393:5\nget@chrome://remote/content/marionette/element.js:214:13\nevaluate.toJSON@chrome://remote/content/marionette/evaluate.js:328:20\nevaluate.toJSON/<@chrome://remote/content/marionette/evaluate.js:323:40\nevaluate.toJSON@chrome://remote/content/marionette/evaluate.js:323:21\nevaluate.toJSON@chrome://remote/content/marionette/evaluate.js:361:27\nsendQuery@chrome://remote/content/marionette/actors/MarionetteCommandsParent.jsm:49:37\nexecuteScript@chrome://remote/content/marionette/actors/MarionetteCommandsParent.jsm:92:17\ngetMarionetteCommandsActorProxy/get/<@chrome://remote/content/marionette/actors/MarionetteCommandsParent.jsm:330:53\nGeckoDriver.prototype.execute_@chrome://remote/content/marionette/driver.js:743:26\n\n", "trace": "  File \"C:\\Python39\\lib\\site-packages\\behave\\model.py\", line 1329, in run\n    match.run(runner.context)\n  File \"C:\\Python39\\lib\\site-packages\\behave\\matchers.py\", line 98, in run\n    self.func(context, *args, **kwargs)\n  File \"Feature\\steps\\StepDefination.py\", line 48, in step_impl\n    context.driver2.execute_script('arguments[0].click()', q1)\n  File \"C:\\Python39\\lib\\site-packages\\selenium\\webdriver\\remote\\webdriver.py\", line 872, in execute_script\n    return self.execute(command, {\n  File \"C:\\Python39\\lib\\site-packages\\selenium\\webdriver\\remote\\webdriver.py\", line 418, in execute\n    self.error_handler.check_response(response)\n  File \"C:\\Python39\\lib\\site-packages\\selenium\\webdriver\\remote\\errorhandler.py\", line 243, in check_response\n    raise exception_class(message, screen, stacktrace)\n"}, "start": 1634630186131, "stop": 1634630188791}, {"name": "And Validate onesignal pop-up functionality With click on Later Button", "status": "skipped", "start": 1634630188793, "stop": 1634630188793}, {"name": "And Click On Q2", "status": "skipped", "start": 1634630188793, "stop": 1634630188793}, {"name": "And Click On Q3", "status": "skipped", "start": 1634630188793, "stop": 1634630188793}, {"name": "And Click On Q4", "status": "skipped", "start": 1634630188793, "stop": 1634630188793}, {"name": "And Click On Q5", "status": "skipped", "start": 1634630188794, "stop": 1634630188794}, {"name": "And Click On Q6", "status": "skipped", "start": 1634630188794, "stop": 1634630188794}, {"name": "And Click On Q7", "status": "skipped", "start": 1634630188794, "stop": 1634630188794}, {"name": "And Click On Q8", "status": "skipped", "start": 1634630188794, "stop": 1634630188794}, {"name": "And Click On Q9", "status": "skipped", "start": 1634630188794, "stop": 1634630188794}, {"name": "And Click On Q10", "status": "skipped", "start": 1634630188794, "stop": 1634630188794}, {"name": "And Click On Q11", "status": "skipped", "start": 1634630188794, "stop": 1634630188794}, {"name": "And Click On Q12", "status": "skipped", "start": 1634630188794, "stop": 1634630188794}, {"name": "And Click On Q13", "status": "skipped", "start": 1634630188794, "stop": 1634630188794}, {"name": "And Click On Q14", "status": "skipped", "start": 1634630188794, "stop": 1634630188794}], "start": 1634630186080, "stop": 1634630188794, "uuid": "b6ff369b-f102-48de-8f7d-2d0512cf11a7", "historyId": "c86fa34f253ec3d85beae9ac7bfa94a0", "fullName": "Wowdare User Side End to End Functionality: Check the functionality of Question Page", "labels": [{"name": "severity", "value": "normal"}, {"name": "tag", "value": "question_Page"}, {"name": "feature", "value": "Wowdare User Side End to End Functionality"}, {"name": "framework", "value": "behave"}, {"name": "language", "value": "cpython3"}]}